d:\travail\logiciel\inf1015\projet\chessv3\chessv3\x64\debug\uic\ui_chessv3.h
d:\travail\logiciel\inf1015\projet\chessv3\chessv3\x64\debug\rcc\qrc_chessv3.cpp
d:\travail\logiciel\inf1015\projet\chessv3\chessv3\x64\debug\chessv3.pch
d:\travail\logiciel\inf1015\projet\chessv3\chessv3\x64\debug\vc143.pdb
d:\travail\logiciel\inf1015\projet\chessv3\chessv3\x64\debug\stdafx.obj
d:\travail\logiciel\inf1015\projet\chessv3\chessv3\x64\debug\rook.obj
d:\travail\logiciel\inf1015\projet\chessv3\chessv3\x64\debug\king.obj
d:\travail\logiciel\inf1015\projet\chessv3\chessv3\x64\debug\display.obj
d:\travail\logiciel\inf1015\projet\chessv3\chessv3\x64\debug\mainwindow.obj
d:\travail\logiciel\inf1015\projet\chessv3\chessv3\x64\debug\pawn.obj
d:\travail\logiciel\inf1015\projet\chessv3\chessv3\x64\debug\knight.obj
d:\travail\logiciel\inf1015\projet\chessv3\chessv3\x64\debug\queen.obj
d:\travail\logiciel\inf1015\projet\chessv3\chessv3\x64\debug\main.obj
d:\travail\logiciel\inf1015\projet\chessv3\chessv3\x64\debug\bishop.obj
d:\travail\logiciel\inf1015\projet\chessv3\chessv3\x64\debug\chessboard.obj
d:\travail\logiciel\inf1015\projet\chessv3\chessv3\x64\debug\chesspiece.obj
d:\travail\logiciel\inf1015\projet\chessv3\chessv3\x64\debug\qrc_chessv3.obj
d:\travail\logiciel\inf1015\projet\chessv3\x64\debug\chessv3.exe
d:\travail\logiciel\inf1015\projet\chessv3\x64\debug\chessv3.ilk
d:\travail\logiciel\inf1015\projet\chessv3\x64\debug\chessv3.pdb
d:\travail\logiciel\inf1015\projet\chessv3\chessv3\x64\debug\chessv3.res
d:\travail\logiciel\inf1015\projet\chessv3\chessv3\x64\debug\chessv3.tlog\chessv3.write.1u.tlog
d:\travail\logiciel\inf1015\projet\chessv3\chessv3\x64\debug\chessv3.tlog\cl.command.1.tlog
d:\travail\logiciel\inf1015\projet\chessv3\chessv3\x64\debug\chessv3.tlog\cl.read.1.tlog
d:\travail\logiciel\inf1015\projet\chessv3\chessv3\x64\debug\chessv3.tlog\cl.write.1.tlog
d:\travail\logiciel\inf1015\projet\chessv3\chessv3\x64\debug\chessv3.tlog\link.command.1.tlog
d:\travail\logiciel\inf1015\projet\chessv3\chessv3\x64\debug\chessv3.tlog\link.read.1.tlog
d:\travail\logiciel\inf1015\projet\chessv3\chessv3\x64\debug\chessv3.tlog\link.write.1.tlog
d:\travail\logiciel\inf1015\projet\chessv3\chessv3\x64\debug\chessv3.tlog\rc.command.1.tlog
d:\travail\logiciel\inf1015\projet\chessv3\chessv3\x64\debug\chessv3.tlog\rc.read.1.tlog
d:\travail\logiciel\inf1015\projet\chessv3\chessv3\x64\debug\chessv3.tlog\rc.write.1.tlog
d:\travail\logiciel\inf1015\projet\chessv3\chessv3\x64\debug\chessv3.tlog\rcc.read.1u.tlog
d:\travail\logiciel\inf1015\projet\chessv3\chessv3\x64\debug\chessv3.tlog\rcc.write.1u.tlog
d:\travail\logiciel\inf1015\projet\chessv3\chessv3\x64\debug\chessv3.tlog\uic.read.1u.tlog
d:\travail\logiciel\inf1015\projet\chessv3\chessv3\x64\debug\chessv3.tlog\uic.write.1u.tlog
